<?xml version="1.0" encoding="UTF-8"?>
<!-- Generated by org.testng.reporters.JUnitReportReporter -->
<testsuite hostname="sais-air.lan" failures="0" tests="1" name="SecondLibraryApi.Librarymain" time="3.702" errors="0" timestamp="2024-01-11T14:04:58 CST" skipped="0">
  <testcase classname="SecondLibraryApi.Librarymain" name="First" time="3.702"/>
</testsuite> <!-- SecondLibraryApi.Librarymain -->
